[ 2017-12-09T11:22:12+08:00 ] 183.26.173.222 /
INFO: [ app_init ] --START--
INFO: Run Behavior\BuildLiteBehavior [ RunTime:0.000000s ]
INFO: [ app_init ] --END-- [ RunTime:0.000000s ]
INFO: [ app_begin ] --START--
INFO: Run Behavior\ReadHtmlCacheBehavior [ RunTime:0.000000s ]
INFO: [ app_begin ] --END-- [ RunTime:0.000000s ]
NOTIC: [8] Undefined index: btchanges E:\wwwroot\xunibiwap\Application\Home\Controller\HomeController.class.php 第 85 行.
NOTIC: [8] unserialize(): Error at offset 0 of 1173 bytes E:\wwwroot\xunibiwap\ThinkPHP\Library\Think\Cache\Driver\File.class.php 第 104 行.
NOTIC: [8] Undefined index: doge E:\wwwroot\xunibiwap\Application\Home\Controller\IndexController.class.php 第 83 行.
NOTIC: [8] Undefined index:  E:\wwwroot\xunibiwap\Application\Home\Controller\IndexController.class.php 第 83 行.
NOTIC: [8] Undefined index: lyc E:\wwwroot\xunibiwap\Application\Home\Controller\IndexController.class.php 第 83 行.
NOTIC: [8] Undefined index:  E:\wwwroot\xunibiwap\Application\Home\Controller\IndexController.class.php 第 83 行.
NOTIC: [8] Undefined index: ubc E:\wwwroot\xunibiwap\Application\Home\Controller\IndexController.class.php 第 83 行.
NOTIC: [8] Undefined index:  E:\wwwroot\xunibiwap\Application\Home\Controller\IndexController.class.php 第 83 行.
INFO: [ view_parse ] --START--
INFO: [ template_filter ] --START--
INFO: Run Behavior\ContentReplaceBehavior [ RunTime:0.000000s ]
INFO: [ template_filter ] --END-- [ RunTime:0.000000s ]
INFO: Run Behavior\ParseTemplateBehavior [ RunTime:0.000000s ]
INFO: [ view_parse ] --END-- [ RunTime:0.000000s ]
INFO: [ view_filter ] --START--
INFO: Run Behavior\WriteHtmlCacheBehavior [ RunTime:0.000000s ]
INFO: [ view_filter ] --END-- [ RunTime:0.000000s ]
INFO: [ app_end ] --START--
INFO: Run Behavior\ShowPageTraceBehavior [ RunTime:0.000000s ]
INFO: [ app_end ] --END-- [ RunTime:0.000000s ]

[ 2017-12-09T11:22:13+08:00 ] 183.26.173.222 /wap/images/icon_arrow_b.png
INFO: [ app_init ] --START--
INFO: Run Behavior\BuildLiteBehavior [ RunTime:0.000000s ]
INFO: [ app_init ] --END-- [ RunTime:0.000000s ]

[ 2017-12-09T11:22:46+08:00 ] 101.226.64.174 /
INFO: [ app_init ] --START--
INFO: Run Behavior\BuildLiteBehavior [ RunTime:0.000000s ]
INFO: [ app_init ] --END-- [ RunTime:0.000000s ]
INFO: [ app_begin ] --START--
INFO: Run Behavior\ReadHtmlCacheBehavior [ RunTime:0.000000s ]
INFO: [ app_begin ] --END-- [ RunTime:0.000000s ]
NOTIC: [8] Undefined index: btchanges E:\wwwroot\xunibiwap\Application\Home\Controller\HomeController.class.php 第 85 行.
NOTIC: [8] unserialize(): Error at offset 0 of 1173 bytes E:\wwwroot\xunibiwap\ThinkPHP\Library\Think\Cache\Driver\File.class.php 第 104 行.
NOTIC: [8] Undefined index: doge E:\wwwroot\xunibiwap\Application\Home\Controller\IndexController.class.php 第 83 行.
NOTIC: [8] Undefined index:  E:\wwwroot\xunibiwap\Application\Home\Controller\IndexController.class.php 第 83 行.
NOTIC: [8] Undefined index: lyc E:\wwwroot\xunibiwap\Application\Home\Controller\IndexController.class.php 第 83 行.
NOTIC: [8] Undefined index:  E:\wwwroot\xunibiwap\Application\Home\Controller\IndexController.class.php 第 83 行.
NOTIC: [8] Undefined index: ubc E:\wwwroot\xunibiwap\Application\Home\Controller\IndexController.class.php 第 83 行.
NOTIC: [8] Undefined index:  E:\wwwroot\xunibiwap\Application\Home\Controller\IndexController.class.php 第 83 行.
INFO: [ view_parse ] --START--
INFO: [ template_filter ] --START--
INFO: Run Behavior\ContentReplaceBehavior [ RunTime:0.000000s ]
INFO: [ template_filter ] --END-- [ RunTime:0.000000s ]
INFO: Run Behavior\ParseTemplateBehavior [ RunTime:0.000000s ]
INFO: [ view_parse ] --END-- [ RunTime:0.000000s ]
INFO: [ view_filter ] --START--
INFO: Run Behavior\WriteHtmlCacheBehavior [ RunTime:0.000000s ]
INFO: [ view_filter ] --END-- [ RunTime:0.000000s ]
INFO: [ app_end ] --START--
INFO: Run Behavior\ShowPageTraceBehavior [ RunTime:0.000000s ]
INFO: [ app_end ] --END-- [ RunTime:0.000000s ]

[ 2017-12-09T11:22:50+08:00 ] 183.57.53.222 /
INFO: [ app_init ] --START--
INFO: Run Behavior\BuildLiteBehavior [ RunTime:0.000000s ]
INFO: [ app_init ] --END-- [ RunTime:0.000000s ]
INFO: [ app_begin ] --START--
INFO: Run Behavior\ReadHtmlCacheBehavior [ RunTime:0.000000s ]
INFO: [ app_begin ] --END-- [ RunTime:0.000000s ]
NOTIC: [8] Undefined index: btchanges E:\wwwroot\xunibiwap\Application\Home\Controller\HomeController.class.php 第 85 行.
NOTIC: [8] unserialize(): Error at offset 0 of 1173 bytes E:\wwwroot\xunibiwap\ThinkPHP\Library\Think\Cache\Driver\File.class.php 第 104 行.
NOTIC: [8] Undefined index: doge E:\wwwroot\xunibiwap\Application\Home\Controller\IndexController.class.php 第 83 行.
NOTIC: [8] Undefined index:  E:\wwwroot\xunibiwap\Application\Home\Controller\IndexController.class.php 第 83 行.
NOTIC: [8] Undefined index: lyc E:\wwwroot\xunibiwap\Application\Home\Controller\IndexController.class.php 第 83 行.
NOTIC: [8] Undefined index:  E:\wwwroot\xunibiwap\Application\Home\Controller\IndexController.class.php 第 83 行.
NOTIC: [8] Undefined index: ubc E:\wwwroot\xunibiwap\Application\Home\Controller\IndexController.class.php 第 83 行.
NOTIC: [8] Undefined index:  E:\wwwroot\xunibiwap\Application\Home\Controller\IndexController.class.php 第 83 行.
INFO: [ view_parse ] --START--
INFO: [ template_filter ] --START--
INFO: Run Behavior\ContentReplaceBehavior [ RunTime:0.000000s ]
INFO: [ template_filter ] --END-- [ RunTime:0.000000s ]
INFO: Run Behavior\ParseTemplateBehavior [ RunTime:0.015586s ]
INFO: [ view_parse ] --END-- [ RunTime:0.015586s ]
INFO: [ view_filter ] --START--
INFO: Run Behavior\WriteHtmlCacheBehavior [ RunTime:0.000000s ]
INFO: [ view_filter ] --END-- [ RunTime:0.000000s ]
INFO: [ app_end ] --START--
INFO: Run Behavior\ShowPageTraceBehavior [ RunTime:0.000000s ]
INFO: [ app_end ] --END-- [ RunTime:0.000000s ]

