[ 2017-12-03T20:04:01+08:00 ] 112.90.82.218 /
INFO: [ app_init ] --START--
INFO: Run Behavior\BuildLiteBehavior [ RunTime:0.000000s ]
INFO: [ app_init ] --END-- [ RunTime:0.002930s ]
INFO: [ app_begin ] --START--
INFO: Run Behavior\ReadHtmlCacheBehavior [ RunTime:0.000976s ]
INFO: [ app_begin ] --END-- [ RunTime:0.000976s ]
NOTIC: [8] Undefined index: btchanges D:\wwwroot\xunibiwap\Application\Home\Controller\HomeController.class.php 第 85 行.
NOTIC: [8] unserialize(): Error at offset 0 of 1173 bytes D:\wwwroot\xunibiwap\ThinkPHP\Library\Think\Cache\Driver\File.class.php 第 104 行.
NOTIC: [8] Undefined index: doge D:\wwwroot\xunibiwap\Application\Home\Controller\IndexController.class.php 第 83 行.
NOTIC: [8] Undefined index:  D:\wwwroot\xunibiwap\Application\Home\Controller\IndexController.class.php 第 83 行.
NOTIC: [8] Undefined index: lyc D:\wwwroot\xunibiwap\Application\Home\Controller\IndexController.class.php 第 83 行.
NOTIC: [8] Undefined index:  D:\wwwroot\xunibiwap\Application\Home\Controller\IndexController.class.php 第 83 行.
NOTIC: [8] Undefined index: ubc D:\wwwroot\xunibiwap\Application\Home\Controller\IndexController.class.php 第 83 行.
NOTIC: [8] Undefined index:  D:\wwwroot\xunibiwap\Application\Home\Controller\IndexController.class.php 第 83 行.
INFO: [ view_parse ] --START--
INFO: [ template_filter ] --START--
INFO: Run Behavior\ContentReplaceBehavior [ RunTime:0.000976s ]
INFO: [ template_filter ] --END-- [ RunTime:0.000976s ]
INFO: Run Behavior\ParseTemplateBehavior [ RunTime:0.011718s ]
INFO: [ view_parse ] --END-- [ RunTime:0.011718s ]
INFO: [ view_filter ] --START--
INFO: Run Behavior\WriteHtmlCacheBehavior [ RunTime:0.000000s ]
INFO: [ view_filter ] --END-- [ RunTime:0.000000s ]
INFO: [ app_end ] --START--
INFO: Run Behavior\ShowPageTraceBehavior [ RunTime:0.000976s ]
INFO: [ app_end ] --END-- [ RunTime:0.000976s ]

[ 2017-12-03T20:10:24+08:00 ] 220.250.19.6 /
INFO: [ app_init ] --START--
INFO: Run Behavior\BuildLiteBehavior [ RunTime:0.000000s ]
INFO: [ app_init ] --END-- [ RunTime:0.001953s ]
INFO: [ app_begin ] --START--
INFO: Run Behavior\ReadHtmlCacheBehavior [ RunTime:0.000000s ]
INFO: [ app_begin ] --END-- [ RunTime:0.000000s ]
NOTIC: [8] Undefined index: btchanges D:\wwwroot\xunibiwap\Application\Home\Controller\HomeController.class.php 第 85 行.
NOTIC: [8] unserialize(): Error at offset 0 of 1173 bytes D:\wwwroot\xunibiwap\ThinkPHP\Library\Think\Cache\Driver\File.class.php 第 104 行.
NOTIC: [8] Undefined index: doge D:\wwwroot\xunibiwap\Application\Home\Controller\IndexController.class.php 第 83 行.
NOTIC: [8] Undefined index:  D:\wwwroot\xunibiwap\Application\Home\Controller\IndexController.class.php 第 83 行.
NOTIC: [8] Undefined index: lyc D:\wwwroot\xunibiwap\Application\Home\Controller\IndexController.class.php 第 83 行.
NOTIC: [8] Undefined index:  D:\wwwroot\xunibiwap\Application\Home\Controller\IndexController.class.php 第 83 行.
NOTIC: [8] Undefined index: ubc D:\wwwroot\xunibiwap\Application\Home\Controller\IndexController.class.php 第 83 行.
NOTIC: [8] Undefined index:  D:\wwwroot\xunibiwap\Application\Home\Controller\IndexController.class.php 第 83 行.
INFO: [ view_parse ] --START--
INFO: [ template_filter ] --START--
INFO: Run Behavior\ContentReplaceBehavior [ RunTime:0.000000s ]
INFO: [ template_filter ] --END-- [ RunTime:0.000000s ]
INFO: Run Behavior\ParseTemplateBehavior [ RunTime:0.012694s ]
INFO: [ view_parse ] --END-- [ RunTime:0.012694s ]
INFO: [ view_filter ] --START--
INFO: Run Behavior\WriteHtmlCacheBehavior [ RunTime:0.000000s ]
INFO: [ view_filter ] --END-- [ RunTime:0.000000s ]
INFO: [ app_end ] --START--
INFO: Run Behavior\ShowPageTraceBehavior [ RunTime:0.000976s ]
INFO: [ app_end ] --END-- [ RunTime:0.000976s ]

[ 2017-12-03T20:10:24+08:00 ] 183.57.53.222 /
INFO: [ app_init ] --START--
INFO: Run Behavior\BuildLiteBehavior [ RunTime:0.000000s ]
INFO: [ app_init ] --END-- [ RunTime:0.002930s ]
INFO: [ app_begin ] --START--
INFO: Run Behavior\ReadHtmlCacheBehavior [ RunTime:0.000977s ]
INFO: [ app_begin ] --END-- [ RunTime:0.000977s ]
NOTIC: [8] Undefined index: btchanges D:\wwwroot\xunibiwap\Application\Home\Controller\HomeController.class.php 第 85 行.
NOTIC: [8] unserialize(): Error at offset 0 of 1173 bytes D:\wwwroot\xunibiwap\ThinkPHP\Library\Think\Cache\Driver\File.class.php 第 104 行.
NOTIC: [8] Undefined index: doge D:\wwwroot\xunibiwap\Application\Home\Controller\IndexController.class.php 第 83 行.
NOTIC: [8] Undefined index:  D:\wwwroot\xunibiwap\Application\Home\Controller\IndexController.class.php 第 83 行.
NOTIC: [8] Undefined index: lyc D:\wwwroot\xunibiwap\Application\Home\Controller\IndexController.class.php 第 83 行.
NOTIC: [8] Undefined index:  D:\wwwroot\xunibiwap\Application\Home\Controller\IndexController.class.php 第 83 行.
NOTIC: [8] Undefined index: ubc D:\wwwroot\xunibiwap\Application\Home\Controller\IndexController.class.php 第 83 行.
NOTIC: [8] Undefined index:  D:\wwwroot\xunibiwap\Application\Home\Controller\IndexController.class.php 第 83 行.
INFO: [ view_parse ] --START--
INFO: [ template_filter ] --START--
INFO: Run Behavior\ContentReplaceBehavior [ RunTime:0.000977s ]
INFO: [ template_filter ] --END-- [ RunTime:0.000977s ]
INFO: Run Behavior\ParseTemplateBehavior [ RunTime:0.011718s ]
INFO: [ view_parse ] --END-- [ RunTime:0.011718s ]
INFO: [ view_filter ] --START--
INFO: Run Behavior\WriteHtmlCacheBehavior [ RunTime:0.000000s ]
INFO: [ view_filter ] --END-- [ RunTime:0.000000s ]
INFO: [ app_end ] --START--
INFO: Run Behavior\ShowPageTraceBehavior [ RunTime:0.000977s ]
INFO: [ app_end ] --END-- [ RunTime:0.000977s ]

[ 2017-12-03T20:10:25+08:00 ] 220.250.19.6 /wap/images/icon_arrow_b.png
INFO: [ app_init ] --START--
INFO: Run Behavior\BuildLiteBehavior [ RunTime:0.000000s ]
INFO: [ app_init ] --END-- [ RunTime:0.001953s ]

[ 2017-12-03T20:10:32+08:00 ] 220.250.19.6 /
INFO: [ app_init ] --START--
INFO: Run Behavior\BuildLiteBehavior [ RunTime:0.000000s ]
INFO: [ app_init ] --END-- [ RunTime:0.002930s ]
INFO: [ app_begin ] --START--
INFO: Run Behavior\ReadHtmlCacheBehavior [ RunTime:0.000000s ]
INFO: [ app_begin ] --END-- [ RunTime:0.000000s ]
NOTIC: [8] Undefined index: btchanges D:\wwwroot\xunibiwap\Application\Home\Controller\HomeController.class.php 第 85 行.
NOTIC: [8] unserialize(): Error at offset 0 of 1173 bytes D:\wwwroot\xunibiwap\ThinkPHP\Library\Think\Cache\Driver\File.class.php 第 104 行.
NOTIC: [8] Undefined index: doge D:\wwwroot\xunibiwap\Application\Home\Controller\IndexController.class.php 第 83 行.
NOTIC: [8] Undefined index:  D:\wwwroot\xunibiwap\Application\Home\Controller\IndexController.class.php 第 83 行.
NOTIC: [8] Undefined index: lyc D:\wwwroot\xunibiwap\Application\Home\Controller\IndexController.class.php 第 83 行.
NOTIC: [8] Undefined index:  D:\wwwroot\xunibiwap\Application\Home\Controller\IndexController.class.php 第 83 行.
NOTIC: [8] Undefined index: ubc D:\wwwroot\xunibiwap\Application\Home\Controller\IndexController.class.php 第 83 行.
NOTIC: [8] Undefined index:  D:\wwwroot\xunibiwap\Application\Home\Controller\IndexController.class.php 第 83 行.
INFO: [ view_parse ] --START--
INFO: [ template_filter ] --START--
INFO: Run Behavior\ContentReplaceBehavior [ RunTime:0.000976s ]
INFO: [ template_filter ] --END-- [ RunTime:0.000976s ]
INFO: Run Behavior\ParseTemplateBehavior [ RunTime:0.011718s ]
INFO: [ view_parse ] --END-- [ RunTime:0.011718s ]
INFO: [ view_filter ] --START--
INFO: Run Behavior\WriteHtmlCacheBehavior [ RunTime:0.000000s ]
INFO: [ view_filter ] --END-- [ RunTime:0.000977s ]
INFO: [ app_end ] --START--
INFO: Run Behavior\ShowPageTraceBehavior [ RunTime:0.000976s ]
INFO: [ app_end ] --END-- [ RunTime:0.000976s ]

[ 2017-12-03T20:10:50+08:00 ] 220.250.19.6 /
INFO: [ app_init ] --START--
INFO: Run Behavior\BuildLiteBehavior [ RunTime:0.000000s ]
INFO: [ app_init ] --END-- [ RunTime:0.001953s ]
INFO: [ app_begin ] --START--
INFO: Run Behavior\ReadHtmlCacheBehavior [ RunTime:0.000976s ]
INFO: [ app_begin ] --END-- [ RunTime:0.000976s ]
NOTIC: [8] Undefined index: btchanges D:\wwwroot\xunibiwap\Application\Home\Controller\HomeController.class.php 第 85 行.
NOTIC: [8] unserialize(): Error at offset 0 of 1173 bytes D:\wwwroot\xunibiwap\ThinkPHP\Library\Think\Cache\Driver\File.class.php 第 104 行.
NOTIC: [8] Undefined index: doge D:\wwwroot\xunibiwap\Application\Home\Controller\IndexController.class.php 第 83 行.
NOTIC: [8] Undefined index:  D:\wwwroot\xunibiwap\Application\Home\Controller\IndexController.class.php 第 83 行.
NOTIC: [8] Undefined index: lyc D:\wwwroot\xunibiwap\Application\Home\Controller\IndexController.class.php 第 83 行.
NOTIC: [8] Undefined index:  D:\wwwroot\xunibiwap\Application\Home\Controller\IndexController.class.php 第 83 行.
NOTIC: [8] Undefined index: ubc D:\wwwroot\xunibiwap\Application\Home\Controller\IndexController.class.php 第 83 行.
NOTIC: [8] Undefined index:  D:\wwwroot\xunibiwap\Application\Home\Controller\IndexController.class.php 第 83 行.
INFO: [ view_parse ] --START--
INFO: [ template_filter ] --START--
INFO: Run Behavior\ContentReplaceBehavior [ RunTime:0.000000s ]
INFO: [ template_filter ] --END-- [ RunTime:0.000000s ]
INFO: Run Behavior\ParseTemplateBehavior [ RunTime:0.010742s ]
INFO: [ view_parse ] --END-- [ RunTime:0.011718s ]
INFO: [ view_filter ] --START--
INFO: Run Behavior\WriteHtmlCacheBehavior [ RunTime:0.000000s ]
INFO: [ view_filter ] --END-- [ RunTime:0.000000s ]
INFO: [ app_end ] --START--
INFO: Run Behavior\ShowPageTraceBehavior [ RunTime:0.000000s ]
INFO: [ app_end ] --END-- [ RunTime:0.000000s ]

[ 2017-12-03T20:10:54+08:00 ] 220.250.19.6 /Article/detail/id/156.html
INFO: [ app_init ] --START--
INFO: Run Behavior\BuildLiteBehavior [ RunTime:0.000000s ]
INFO: [ app_init ] --END-- [ RunTime:0.001953s ]
INFO: [ app_begin ] --START--
INFO: Run Behavior\ReadHtmlCacheBehavior [ RunTime:0.000977s ]
INFO: [ app_begin ] --END-- [ RunTime:0.000977s ]
NOTIC: [8] Undefined index: btchanges D:\wwwroot\xunibiwap\Application\Home\Controller\HomeController.class.php 第 85 行.
NOTIC: [8] unserialize(): Error at offset 0 of 1173 bytes D:\wwwroot\xunibiwap\ThinkPHP\Library\Think\Cache\Driver\File.class.php 第 104 行.
INFO: [ view_parse ] --START--
INFO: [ template_filter ] --START--
INFO: Run Behavior\ContentReplaceBehavior [ RunTime:0.000000s ]
INFO: [ template_filter ] --END-- [ RunTime:0.000000s ]
INFO: Run Behavior\ParseTemplateBehavior [ RunTime:0.007812s ]
INFO: [ view_parse ] --END-- [ RunTime:0.007812s ]
INFO: [ view_filter ] --START--
INFO: Run Behavior\WriteHtmlCacheBehavior [ RunTime:0.000000s ]
INFO: [ view_filter ] --END-- [ RunTime:0.000000s ]
INFO: [ app_end ] --START--
INFO: Run Behavior\ShowPageTraceBehavior [ RunTime:0.000977s ]
INFO: [ app_end ] --END-- [ RunTime:0.000977s ]

[ 2017-12-03T20:18:57+08:00 ] 220.250.19.6 /
INFO: [ app_init ] --START--
INFO: Run Behavior\BuildLiteBehavior [ RunTime:0.000000s ]
INFO: [ app_init ] --END-- [ RunTime:0.001953s ]
INFO: [ app_begin ] --START--
INFO: Run Behavior\ReadHtmlCacheBehavior [ RunTime:0.000977s ]
INFO: [ app_begin ] --END-- [ RunTime:0.000977s ]
NOTIC: [8] Undefined index: btchanges D:\wwwroot\xunibiwap\Application\Home\Controller\HomeController.class.php 第 85 行.
NOTIC: [8] unserialize(): Error at offset 0 of 1173 bytes D:\wwwroot\xunibiwap\ThinkPHP\Library\Think\Cache\Driver\File.class.php 第 104 行.
NOTIC: [8] Undefined index: doge D:\wwwroot\xunibiwap\Application\Home\Controller\IndexController.class.php 第 83 行.
NOTIC: [8] Undefined index:  D:\wwwroot\xunibiwap\Application\Home\Controller\IndexController.class.php 第 83 行.
NOTIC: [8] Undefined index: lyc D:\wwwroot\xunibiwap\Application\Home\Controller\IndexController.class.php 第 83 行.
NOTIC: [8] Undefined index:  D:\wwwroot\xunibiwap\Application\Home\Controller\IndexController.class.php 第 83 行.
NOTIC: [8] Undefined index: ubc D:\wwwroot\xunibiwap\Application\Home\Controller\IndexController.class.php 第 83 行.
NOTIC: [8] Undefined index:  D:\wwwroot\xunibiwap\Application\Home\Controller\IndexController.class.php 第 83 行.
INFO: [ view_parse ] --START--
INFO: [ template_filter ] --START--
INFO: Run Behavior\ContentReplaceBehavior [ RunTime:0.000000s ]
INFO: [ template_filter ] --END-- [ RunTime:0.000000s ]
INFO: Run Behavior\ParseTemplateBehavior [ RunTime:0.011718s ]
INFO: [ view_parse ] --END-- [ RunTime:0.012695s ]
INFO: [ view_filter ] --START--
INFO: Run Behavior\WriteHtmlCacheBehavior [ RunTime:0.000000s ]
INFO: [ view_filter ] --END-- [ RunTime:0.000000s ]
INFO: [ app_end ] --START--
INFO: Run Behavior\ShowPageTraceBehavior [ RunTime:0.000000s ]
INFO: [ app_end ] --END-- [ RunTime:0.000000s ]

[ 2017-12-03T20:18:57+08:00 ] 220.250.19.6 /wap/images/icon_arrow_b.png
INFO: [ app_init ] --START--
INFO: Run Behavior\BuildLiteBehavior [ RunTime:0.000000s ]
INFO: [ app_init ] --END-- [ RunTime:0.001953s ]

